Build started 9/16/2012 4:18:00 PM.
     1>Project "D:\GASAL_2012\Grafika_Komputer\ftgl-2.1.2\FTGL\win32_vcpp\unit_tests\unit_tests.vcxproj" on node 2 (build target(s)).
     1>InitializeBuildStatus:
         Creating ".\Debug\unit_tests.unsuccessfulbuild" because "AlwaysCreate" was specified.
       ClCompile:
         c:\Program Files (x86)\Microsoft Visual Studio 10.0\VC\bin\CL.exe /c /I/include /I../../include /I../../extras /I"D:\GASAL_2012\Grafika_Komputer\ftgl-2.1.2\FTGL\win32_vcpp\unit_tests\../../../freetype/include" /ZI /nologo /W3 /WX- /Od /Oy- /D WIN32 /D _DEBUG /D _CONSOLE /D FTGL_LIBRARY_STATIC /D _VC80_UPGRADE=0x0600 /D _MBCS /Gm /EHsc /RTC1 /MDd /GS /Gy- /fp:precise /Zc:wchar_t /Zc:forScope /Fo".\Debug\\" /Fd".\Debug\vc100.pdb" /Gd /TP /analyze- /errorReport:prompt "..\..\test\FTBBox-Test.cpp" "..\..\test\FTCharmap-Test.cpp" "..\..\test\FTContour-Test.cpp" "..\..\test\FTFace-Test.cpp" "..\..\test\FTFont-Test.cpp" "..\..\test\FTGlyphContainer-Test.cpp" "..\..\test\FTLibrary-Test.cpp" "..\..\test\FTList-Test.cpp" "..\..\test\FTMesh-Test.cpp" "..\..\test\FTPoint-Test.cpp" "..\..\test\FTSize-Test.cpp" "..\..\test\FTTesselation-Test.cpp" "..\..\test\FTVector-Test.cpp" "..\..\test\FTVectoriser-Test.cpp" ..\..\test\HPGCalc_afm.cpp ..\..\test\HPGCalc_pfb.cpp ..\..\test\TestMain.cpp
         TestMain.cpp
     1>d:\gasal_2012\grafika_komputer\ftgl-2.1.2\ftgl\test\testmain.cpp(1): fatal error C1083: Cannot open include file: 'cppunit/TextTestRunner.h': No such file or directory
         HPGCalc_pfb.cpp
         HPGCalc_afm.cpp
         FTVectoriser-Test.cpp
     1>d:\gasal_2012\grafika_komputer\ftgl-2.1.2\ftgl\test\ftvectoriser-test.cpp(1): fatal error C1083: Cannot open include file: 'cppunit/extensions/HelperMacros.h': No such file or directory
         FTVector-Test.cpp
     1>d:\gasal_2012\grafika_komputer\ftgl-2.1.2\ftgl\test\ftvector-test.cpp(1): fatal error C1083: Cannot open include file: 'cppunit/extensions/HelperMacros.h': No such file or directory
         FTTesselation-Test.cpp
     1>d:\gasal_2012\grafika_komputer\ftgl-2.1.2\ftgl\test\fttesselation-test.cpp(1): fatal error C1083: Cannot open include file: 'cppunit/extensions/HelperMacros.h': No such file or directory
         FTSize-Test.cpp
     1>d:\gasal_2012\grafika_komputer\ftgl-2.1.2\ftgl\test\ftsize-test.cpp(1): fatal error C1083: Cannot open include file: 'cppunit/extensions/HelperMacros.h': No such file or directory
         FTPoint-Test.cpp
     1>d:\gasal_2012\grafika_komputer\ftgl-2.1.2\ftgl\test\ftpoint-test.cpp(1): fatal error C1083: Cannot open include file: 'cppunit/extensions/HelperMacros.h': No such file or directory
         FTMesh-Test.cpp
     1>d:\gasal_2012\grafika_komputer\ftgl-2.1.2\ftgl\test\ftmesh-test.cpp(1): fatal error C1083: Cannot open include file: 'cppunit/extensions/HelperMacros.h': No such file or directory
         FTList-Test.cpp
     1>d:\gasal_2012\grafika_komputer\ftgl-2.1.2\ftgl\test\ftlist-test.cpp(1): fatal error C1083: Cannot open include file: 'cppunit/extensions/HelperMacros.h': No such file or directory
         FTLibrary-Test.cpp
     1>d:\gasal_2012\grafika_komputer\ftgl-2.1.2\ftgl\test\ftlibrary-test.cpp(1): fatal error C1083: Cannot open include file: 'cppunit/extensions/HelperMacros.h': No such file or directory
         FTGlyphContainer-Test.cpp
     1>d:\gasal_2012\grafika_komputer\ftgl-2.1.2\ftgl\test\ftglyphcontainer-test.cpp(1): fatal error C1083: Cannot open include file: 'cppunit/extensions/HelperMacros.h': No such file or directory
         FTFont-Test.cpp
     1>d:\gasal_2012\grafika_komputer\ftgl-2.1.2\ftgl\test\ftfont-test.cpp(1): fatal error C1083: Cannot open include file: 'cppunit/extensions/HelperMacros.h': No such file or directory
         FTFace-Test.cpp
     1>d:\gasal_2012\grafika_komputer\ftgl-2.1.2\ftgl\test\ftface-test.cpp(1): fatal error C1083: Cannot open include file: 'cppunit/extensions/HelperMacros.h': No such file or directory
         FTContour-Test.cpp
     1>d:\gasal_2012\grafika_komputer\ftgl-2.1.2\ftgl\test\ftcontour-test.cpp(1): fatal error C1083: Cannot open include file: 'cppunit/extensions/HelperMacros.h': No such file or directory
         FTCharmap-Test.cpp
     1>d:\gasal_2012\grafika_komputer\ftgl-2.1.2\ftgl\test\ftcharmap-test.cpp(3): fatal error C1083: Cannot open include file: 'cppunit/extensions/HelperMacros.h': No such file or directory
         FTBBox-Test.cpp
     1>d:\gasal_2012\grafika_komputer\ftgl-2.1.2\ftgl\test\ftbbox-test.cpp(1): fatal error C1083: Cannot open include file: 'cppunit/extensions/HelperMacros.h': No such file or directory
         Generating Code...
     1>Done Building Project "D:\GASAL_2012\Grafika_Komputer\ftgl-2.1.2\FTGL\win32_vcpp\unit_tests\unit_tests.vcxproj" (build target(s)) -- FAILED.

Build FAILED.

Time Elapsed 00:00:02.06
